[0m13:11:37.854212 [debug] [MainThread]: Sending event: {'category': 'dbt', 'action': 'invocation', 'label': 'start', 'context': [<snowplow_tracker.self_describing_json.SelfDescribingJson object at 0x109110c20>, <snowplow_tracker.self_describing_json.SelfDescribingJson object at 0x10a20fd90>, <snowplow_tracker.self_describing_json.SelfDescribingJson object at 0x10a20fed0>]}


============================== 13:11:37.887052 | 4a4eba13-ce71-4901-89da-63b1f7ffe46d ==============================
[0m13:11:37.887052 [info ] [MainThread]: Running with dbt=1.11.2
[0m13:11:37.887527 [debug] [MainThread]: running dbt with arguments {'introspect': 'True', 'write_json': 'True', 'cache_selected_only': 'False', 'fail_fast': 'False', 'warn_error_options': 'WarnErrorOptionsV2(error=[], warn=[], silence=[])', 'log_format': 'default', 'use_colors': 'True', 'use_experimental_parser': 'False', 'partial_parse': 'True', 'static_parser': 'True', 'invocation_command': 'dbt init', 'warn_error': 'None', 'version_check': 'True', 'empty': 'None', 'log_path': 'logs', 'printer_width': '80', 'indirect_selection': 'eager', 'debug': 'False', 'log_cache_events': 'False', 'no_print': 'None', 'send_anonymous_usage_stats': 'True', 'quiet': 'False', 'target_path': 'None', 'profiles_dir': '/Users/brunodeoliveira/.dbt'}
[0m13:11:37.940231 [info ] [MainThread]: Creating dbt configuration folder at /Users/brunodeoliveira/.dbt
[0m13:13:53.253200 [debug] [MainThread]: Starter project path: /Users/brunodeoliveira/Desktop/projects/kairos-assets/.venv/lib/python3.13/site-packages/dbt/include/starter_project
[0m13:13:53.266427 [info ] [MainThread]: 
Your new dbt project "kairos_assets_analytics" was created!

For more information on how to configure the profiles.yml file,
please consult the dbt documentation here:

  https://docs.getdbt.com/docs/configure-your-profile

One more thing:

Need help? Don't hesitate to reach out to us via GitHub issues or on Slack:

  https://community.getdbt.com/

Happy modeling!

[0m13:13:53.267066 [info ] [MainThread]: Setting up your profile.
[0m13:16:26.580248 [info ] [MainThread]: Profile kairos_assets_analytics written to /Users/brunodeoliveira/.dbt/profiles.yml using target's sample configuration. Once updated, you'll be able to start developing with dbt.
[0m13:16:26.585536 [debug] [MainThread]: Resource report: {"command_name": "init", "command_success": true, "command_wall_clock_time": 288.80084, "process_in_blocks": "0", "process_kernel_time": 0.641487, "process_mem_max_rss": "137691136", "process_out_blocks": "0", "process_user_time": 2.591658}
[0m13:16:26.586492 [debug] [MainThread]: Command `dbt init` succeeded at 13:16:26.586264 after 288.80 seconds
[0m13:16:26.587973 [debug] [MainThread]: Sending event: {'category': 'dbt', 'action': 'invocation', 'label': 'end', 'context': [<snowplow_tracker.self_describing_json.SelfDescribingJson object at 0x10a2df360>, <snowplow_tracker.self_describing_json.SelfDescribingJson object at 0x109b2b0b0>, <snowplow_tracker.self_describing_json.SelfDescribingJson object at 0x10a30bce0>]}
[0m13:16:26.589217 [debug] [MainThread]: Flushing usage events
[0m13:16:27.294503 [debug] [MainThread]: An error was encountered while trying to flush usage events
[0m14:31:41.063589 [debug] [MainThread]: Sending event: {'category': 'dbt', 'action': 'invocation', 'label': 'start', 'context': [<snowplow_tracker.self_describing_json.SelfDescribingJson object at 0x10c538980>, <snowplow_tracker.self_describing_json.SelfDescribingJson object at 0x10d473750>, <snowplow_tracker.self_describing_json.SelfDescribingJson object at 0x10d473890>]}


============================== 14:31:41.068090 | 8cbfcee6-0cd6-4168-bcd6-fb5f88334315 ==============================
[0m14:31:41.068090 [info ] [MainThread]: Running with dbt=1.11.2
[0m14:31:41.068575 [debug] [MainThread]: running dbt with arguments {'fail_fast': 'False', 'printer_width': '80', 'indirect_selection': 'eager', 'debug': 'False', 'write_json': 'True', 'use_experimental_parser': 'False', 'invocation_command': 'dbt debug', 'static_parser': 'True', 'log_format': 'default', 'no_print': 'None', 'warn_error_options': 'WarnErrorOptionsV2(error=[], warn=[], silence=[])', 'empty': 'None', 'introspect': 'True', 'use_colors': 'True', 'version_check': 'True', 'cache_selected_only': 'False', 'profiles_dir': '/Users/brunodeoliveira/.dbt', 'quiet': 'False', 'log_path': 'logs', 'send_anonymous_usage_stats': 'True', 'log_cache_events': 'False', 'target_path': 'None', 'warn_error': 'None', 'partial_parse': 'True'}
[0m14:31:41.085532 [info ] [MainThread]: dbt version: 1.11.2
[0m14:31:41.085841 [info ] [MainThread]: python version: 3.13.7
[0m14:31:41.086034 [info ] [MainThread]: python path: /Users/brunodeoliveira/Desktop/projects/kairos-assets/.venv/bin/python
[0m14:31:41.086200 [info ] [MainThread]: os info: macOS-26.1-arm64-arm-64bit-Mach-O
[0m14:31:41.228213 [info ] [MainThread]: Using profiles dir at /Users/brunodeoliveira/.dbt
[0m14:31:41.228564 [info ] [MainThread]: Using profiles.yml file at /Users/brunodeoliveira/.dbt/profiles.yml
[0m14:31:41.228764 [info ] [MainThread]: Using dbt_project.yml file at /Users/brunodeoliveira/Desktop/projects/kairos-assets/dbt_project.yml
[0m14:31:41.230839 [info ] [MainThread]: adapter type: duckdb
[0m14:31:41.231087 [info ] [MainThread]: adapter version: 1.10.0
[0m14:31:41.231282 [info ] [MainThread]: Configuration:
[0m14:31:41.231438 [info ] [MainThread]:   profiles.yml file [[32mOK found and valid[0m]
[0m14:31:41.231593 [info ] [MainThread]:   dbt_project.yml file [[31mERROR not found[0m]
[0m14:31:41.231739 [info ] [MainThread]: Required dependencies:
[0m14:31:41.231945 [debug] [MainThread]: Executing "git --help"
[0m14:31:41.256827 [debug] [MainThread]: STDOUT: "b"usage: git [-v | --version] [-h | --help] [-C <path>] [-c <name>=<value>]\n           [--exec-path[=<path>]] [--html-path] [--man-path] [--info-path]\n           [-p | --paginate | -P | --no-pager] [--no-replace-objects] [--no-lazy-fetch]\n           [--no-optional-locks] [--no-advice] [--bare] [--git-dir=<path>]\n           [--work-tree=<path>] [--namespace=<name>] [--config-env=<name>=<envvar>]\n           <command> [<args>]\n\nThese are common Git commands used in various situations:\n\nstart a working area (see also: git help tutorial)\n   clone      Clone a repository into a new directory\n   init       Create an empty Git repository or reinitialize an existing one\n\nwork on the current change (see also: git help everyday)\n   add        Add file contents to the index\n   mv         Move or rename a file, a directory, or a symlink\n   restore    Restore working tree files\n   rm         Remove files from the working tree and from the index\n\nexamine the history and state (see also: git help revisions)\n   bisect     Use binary search to find the commit that introduced a bug\n   diff       Show changes between commits, commit and working tree, etc\n   grep       Print lines matching a pattern\n   log        Show commit logs\n   show       Show various types of objects\n   status     Show the working tree status\n\ngrow, mark and tweak your common history\n   backfill   Download missing objects in a partial clone\n   branch     List, create, or delete branches\n   commit     Record changes to the repository\n   merge      Join two or more development histories together\n   rebase     Reapply commits on top of another base tip\n   reset      Reset current HEAD to the specified state\n   switch     Switch branches\n   tag        Create, list, delete or verify a tag object signed with GPG\n\ncollaborate (see also: git help workflows)\n   fetch      Download objects and refs from another repository\n   pull       Fetch from and integrate with another repository or a local branch\n   push       Update remote refs along with associated objects\n\n'git help -a' and 'git help -g' list available subcommands and some\nconcept guides. See 'git help <command>' or 'git help <concept>'\nto read about a specific subcommand or concept.\nSee 'git help git' for an overview of the system.\n""
[0m14:31:41.257519 [debug] [MainThread]: STDERR: "b''"
[0m14:31:41.257769 [info ] [MainThread]:  - git [[32mOK found[0m]

[0m14:31:41.257993 [info ] [MainThread]: Connection:
[0m14:31:41.258222 [info ] [MainThread]:   database: dev
[0m14:31:41.258382 [info ] [MainThread]:   schema: main
[0m14:31:41.258533 [info ] [MainThread]:   path: dev.duckdb
[0m14:31:41.258673 [info ] [MainThread]:   config_options: None
[0m14:31:41.258816 [info ] [MainThread]:   extensions: None
[0m14:31:41.258969 [info ] [MainThread]:   settings: {}
[0m14:31:41.259110 [info ] [MainThread]:   external_root: .
[0m14:31:41.259257 [info ] [MainThread]:   use_credential_provider: None
[0m14:31:41.259393 [info ] [MainThread]:   attach: None
[0m14:31:41.259534 [info ] [MainThread]:   filesystems: None
[0m14:31:41.259667 [info ] [MainThread]:   remote: None
[0m14:31:41.259806 [info ] [MainThread]:   plugins: None
[0m14:31:41.259943 [info ] [MainThread]:   disable_transactions: False
[0m14:31:41.260390 [info ] [MainThread]: Registered adapter: duckdb=1.10.0
[0m14:31:41.334488 [debug] [MainThread]: Acquiring new duckdb connection 'debug'
[0m14:31:41.400459 [debug] [MainThread]: Using duckdb connection "debug"
[0m14:31:41.400758 [debug] [MainThread]: On debug: select 1 as id
[0m14:31:41.400957 [debug] [MainThread]: Opening a new connection, currently in state init
[0m14:31:41.419260 [debug] [MainThread]: SQL status: OK in 0.018 seconds
[0m14:31:41.420053 [debug] [MainThread]: On debug: Close
[0m14:31:41.420517 [info ] [MainThread]:   Connection test: [[32mOK connection ok[0m]

[0m14:31:41.420733 [info ] [MainThread]: [31m1 check failed:[0m
[0m14:31:41.420902 [info ] [MainThread]: Project loading failed for the following reason:
 project path </Users/brunodeoliveira/Desktop/projects/kairos-assets/dbt_project.yml> not found

[0m14:31:41.421322 [debug] [MainThread]: Resource report: {"command_name": "debug", "command_success": false, "command_wall_clock_time": 0.42203474, "process_in_blocks": "0", "process_kernel_time": 0.298536, "process_mem_max_rss": "138051584", "process_out_blocks": "0", "process_user_time": 1.142458}
[0m14:31:41.421644 [debug] [MainThread]: Command `dbt debug` failed at 14:31:41.421567 after 0.42 seconds
[0m14:31:41.421850 [debug] [MainThread]: Connection 'debug' was properly closed.
[0m14:31:41.422080 [debug] [MainThread]: Sending event: {'category': 'dbt', 'action': 'invocation', 'label': 'end', 'context': [<snowplow_tracker.self_describing_json.SelfDescribingJson object at 0x10d78a190>, <snowplow_tracker.self_describing_json.SelfDescribingJson object at 0x10d66bd10>, <snowplow_tracker.self_describing_json.SelfDescribingJson object at 0x10d714050>]}
[0m14:31:41.422354 [debug] [MainThread]: Flushing usage events
[0m14:31:42.105129 [debug] [MainThread]: An error was encountered while trying to flush usage events
[0m15:45:34.440114 [debug] [MainThread]: Sending event: {'category': 'dbt', 'action': 'invocation', 'label': 'start', 'context': [<snowplow_tracker.self_describing_json.SelfDescribingJson object at 0x10aa40980>, <snowplow_tracker.self_describing_json.SelfDescribingJson object at 0x10b983750>, <snowplow_tracker.self_describing_json.SelfDescribingJson object at 0x10b983890>]}


============================== 15:45:34.443342 | 43daaee8-330a-4333-8264-7e4900393f76 ==============================
[0m15:45:34.443342 [info ] [MainThread]: Running with dbt=1.11.2
[0m15:45:34.443662 [debug] [MainThread]: running dbt with arguments {'quiet': 'False', 'use_colors': 'True', 'static_parser': 'True', 'printer_width': '80', 'write_json': 'True', 'introspect': 'True', 'fail_fast': 'False', 'send_anonymous_usage_stats': 'True', 'log_path': 'logs', 'cache_selected_only': 'False', 'warn_error_options': 'WarnErrorOptionsV2(error=[], warn=[], silence=[])', 'use_experimental_parser': 'False', 'debug': 'False', 'profiles_dir': '/Users/brunodeoliveira/.dbt', 'target_path': 'None', 'empty': 'False', 'invocation_command': 'dbt run', 'log_format': 'default', 'warn_error': 'None', 'no_print': 'None', 'indirect_selection': 'eager', 'version_check': 'True', 'log_cache_events': 'False', 'partial_parse': 'True'}
[0m15:45:34.444068 [error] [MainThread]: Encountered an error:
Runtime Error
  No dbt_project.yml found at expected path /Users/brunodeoliveira/Desktop/projects/kairos-assets/dbt_project.yml
  Verify that each entry within packages.yml (and their transitive dependencies) contains a file named dbt_project.yml
  
[0m15:45:34.444382 [debug] [MainThread]: Resource report: {"command_name": "run", "command_success": false, "command_wall_clock_time": 0.043164082, "process_in_blocks": "0", "process_kernel_time": 0.123259, "process_mem_max_rss": "108429312", "process_out_blocks": "0", "process_user_time": 0.614206}
[0m15:45:34.444621 [debug] [MainThread]: Command `dbt run` failed at 15:45:34.444573 after 0.04 seconds
[0m15:45:34.444766 [debug] [MainThread]: Sending event: {'category': 'dbt', 'action': 'invocation', 'label': 'end', 'context': [<snowplow_tracker.self_describing_json.SelfDescribingJson object at 0x10b996650>, <snowplow_tracker.self_describing_json.SelfDescribingJson object at 0x10b9c5250>, <snowplow_tracker.self_describing_json.SelfDescribingJson object at 0x10ba18270>]}
[0m15:45:34.444903 [debug] [MainThread]: Flushing usage events
[0m15:45:35.139493 [debug] [MainThread]: An error was encountered while trying to flush usage events
